[27-Sep-2025 03:17:16 Asia/Dhaka] PHP ERROR [2]: include_once(block-print.php): Failed to open stream: No such file or directory in D:\XAMPP\htdocs\eimbox-dashboard\eimbox-materio\permissions.php on line 25
[27-Sep-2025 03:17:16 Asia/Dhaka] PHP ERROR [2]: include_once(): Failed opening 'block-print.php' for inclusion (include_path='D:\XAMPP\php\PEAR') in D:\XAMPP\htdocs\eimbox-dashboard\eimbox-materio\permissions.php on line 25
[27-Sep-2025 03:26:29 Asia/Dhaka] PHP ERROR [2]: include_once(access-denied.php): Failed to open stream: No such file or directory in D:\XAMPP\htdocs\eimbox-dashboard\eimbox-materio\core\permissions.php on line 31
[27-Sep-2025 03:26:29 Asia/Dhaka] PHP ERROR [2]: include_once(): Failed opening 'access-denied.php' for inclusion (include_path='D:\XAMPP\php\PEAR') in D:\XAMPP\htdocs\eimbox-dashboard\eimbox-materio\core\permissions.php on line 31
[27-Sep-2025 03:33:54 Asia/Dhaka] PHP ERROR [2]: include_once(access-denied.php): Failed to open stream: No such file or directory in D:\XAMPP\htdocs\eimbox-dashboard\eimbox-materio\core\permissions.php on line 43
[27-Sep-2025 03:33:54 Asia/Dhaka] PHP ERROR [2]: include_once(): Failed opening 'access-denied.php' for inclusion (include_path='D:\XAMPP\php\PEAR') in D:\XAMPP\htdocs\eimbox-dashboard\eimbox-materio\core\permissions.php on line 43
[27-Sep-2025 03:34:40 Asia/Dhaka] PHP ERROR [2]: include_once(pages/access-denied.php): Failed to open stream: No such file or directory in D:\XAMPP\htdocs\eimbox-dashboard\eimbox-materio\core\permissions.php on line 43
[27-Sep-2025 03:34:40 Asia/Dhaka] PHP ERROR [2]: include_once(): Failed opening 'pages/access-denied.php' for inclusion (include_path='D:\XAMPP\php\PEAR') in D:\XAMPP\htdocs\eimbox-dashboard\eimbox-materio\core\permissions.php on line 43
[27-Sep-2025 03:35:31 Asia/Dhaka] PHP ERROR [2]: include_once(pages/access-denied.php): Failed to open stream: No such file or directory in D:\XAMPP\htdocs\eimbox-dashboard\eimbox-materio\core\permissions.php on line 43
[27-Sep-2025 03:35:31 Asia/Dhaka] PHP ERROR [2]: include_once(): Failed opening 'pages/access-denied.php' for inclusion (include_path='D:\XAMPP\php\PEAR') in D:\XAMPP\htdocs\eimbox-dashboard\eimbox-materio\core\permissions.php on line 43
[27-Sep-2025 13:12:45 Asia/Dhaka] PHP ERROR [2]: require_once(nav/nav.php): Failed to open stream: No such file or directory in D:\XAMPP\htdocs\eimbox-dashboard\eimbox-materio\header.php on line 107
[27-Sep-2025 13:12:45 Asia/Dhaka] Uncaught Exception: Failed opening required 'nav/nav.php' (include_path='D:\XAMPP\php\PEAR') in D:\XAMPP\htdocs\eimbox-dashboard\eimbox-materio\header.php on line 107
[27-Sep-2025 14:09:58 Asia/Dhaka] PHP ERROR [2]: Undefined variable $selected in D:\XAMPP\htdocs\eimbox-dashboard\eimbox-materio\module-structure.php on line 133
[27-Sep-2025 14:10:04 Asia/Dhaka] PHP ERROR [2]: Undefined variable $selected in D:\XAMPP\htdocs\eimbox-dashboard\eimbox-materio\module-structure.php on line 133
[27-Sep-2025 14:10:42 Asia/Dhaka] PHP ERROR [2]: Undefined variable $selected in D:\XAMPP\htdocs\eimbox-dashboard\eimbox-materio\module-structure.php on line 133
[27-Sep-2025 14:11:14 Asia/Dhaka] PHP ERROR [2]: Undefined variable $selected in D:\XAMPP\htdocs\eimbox-dashboard\eimbox-materio\module-structure.php on line 133
[27-Sep-2025 14:11:56 Asia/Dhaka] PHP ERROR [2]: Undefined variable $selected in D:\XAMPP\htdocs\eimbox-dashboard\eimbox-materio\module-structure.php on line 133
[27-Sep-2025 14:13:39 Asia/Dhaka] PHP ERROR [2]: Undefined variable $selected in D:\XAMPP\htdocs\eimbox-dashboard\eimbox-materio\module-structure.php on line 132
[27-Sep-2025 14:13:55 Asia/Dhaka] PHP ERROR [2]: Undefined variable $selected in D:\XAMPP\htdocs\eimbox-dashboard\eimbox-materio\module-structure.php on line 132
[27-Sep-2025 15:47:48 Asia/Dhaka] PHP ERROR [2]: Undefined variable $selected in D:\XAMPP\htdocs\eimbox-dashboard\eimbox-materio\module-structure.php on line 132
[27-Sep-2025 15:47:50 Asia/Dhaka] PHP ERROR [2]: Undefined variable $selected in D:\XAMPP\htdocs\eimbox-dashboard\eimbox-materio\module-structure.php on line 132
[27-Sep-2025 15:51:25 Asia/Dhaka] PHP ERROR [2]: Undefined variable $selected in D:\XAMPP\htdocs\eimbox-dashboard\eimbox-materio\module-structure.php on line 132
[27-Sep-2025 15:51:55 Asia/Dhaka] PHP ERROR [2]: Undefined variable $selected in D:\XAMPP\htdocs\eimbox-dashboard\eimbox-materio\module-structure.php on line 132
[27-Sep-2025 15:53:01 Asia/Dhaka] PHP ERROR [2]: Undefined variable $selected in D:\XAMPP\htdocs\eimbox-dashboard\eimbox-materio\module-structure.php on line 132
[27-Sep-2025 15:56:20 Asia/Dhaka] PHP ERROR [2]: Undefined variable $selected in D:\XAMPP\htdocs\eimbox-dashboard\eimbox-materio\module-structure.php on line 132
[27-Sep-2025 16:08:14 Asia/Dhaka] PHP Fatal error:  Cannot use [] for reading in D:\XAMPP\htdocs\eimbox-dashboard\eimbox-materio\core\permissions.php on line 14
[27-Sep-2025 16:08:14 Asia/Dhaka] Fatal error: Cannot use [] for reading in D:\XAMPP\htdocs\eimbox-dashboard\eimbox-materio\core\permissions.php on line 14
[27-Sep-2025 16:12:25 Asia/Dhaka] PHP Fatal error:  Cannot use [] for reading in D:\XAMPP\htdocs\eimbox-dashboard\eimbox-materio\core\permissions.php on line 25
[27-Sep-2025 16:12:25 Asia/Dhaka] Fatal error: Cannot use [] for reading in D:\XAMPP\htdocs\eimbox-dashboard\eimbox-materio\core\permissions.php on line 25
[27-Sep-2025 16:12:51 Asia/Dhaka] PHP Fatal error:  Cannot use [] for reading in D:\XAMPP\htdocs\eimbox-dashboard\eimbox-materio\core\permissions.php on line 25
[27-Sep-2025 16:12:51 Asia/Dhaka] Fatal error: Cannot use [] for reading in D:\XAMPP\htdocs\eimbox-dashboard\eimbox-materio\core\permissions.php on line 25
[27-Sep-2025 16:13:08 Asia/Dhaka] PHP Fatal error:  Cannot use [] for reading in D:\XAMPP\htdocs\eimbox-dashboard\eimbox-materio\core\permissions.php on line 25
[27-Sep-2025 16:13:08 Asia/Dhaka] Fatal error: Cannot use [] for reading in D:\XAMPP\htdocs\eimbox-dashboard\eimbox-materio\core\permissions.php on line 25
[27-Sep-2025 16:14:44 Asia/Dhaka] Uncaught Exception: syntax error, unexpected variable "$status" in D:\XAMPP\htdocs\eimbox-dashboard\eimbox-materio\core\permissions.php on line 57
[27-Sep-2025 16:19:12 Asia/Dhaka] PHP ERROR [2]: Undefined variable $selected in D:\XAMPP\htdocs\eimbox-dashboard\eimbox-materio\module-structure.php on line 132
[27-Sep-2025 16:19:26 Asia/Dhaka] PHP ERROR [2]: Undefined variable $selected in D:\XAMPP\htdocs\eimbox-dashboard\eimbox-materio\module-structure.php on line 132
[27-Sep-2025 16:32:20 Asia/Dhaka] PHP ERROR [2]: Undefined variable $selected in D:\XAMPP\htdocs\eimbox-dashboard\eimbox-materio\module-structure.php on line 132
[27-Sep-2025 16:32:35 Asia/Dhaka] PHP ERROR [2]: Undefined variable $selected in D:\XAMPP\htdocs\eimbox-dashboard\eimbox-materio\module-structure.php on line 132
[27-Sep-2025 16:32:51 Asia/Dhaka] PHP ERROR [2]: Undefined variable $selected in D:\XAMPP\htdocs\eimbox-dashboard\eimbox-materio\module-structure.php on line 132
[27-Sep-2025 22:58:15 Asia/Dhaka] PHP ERROR [2]: Undefined variable $selected in D:\XAMPP\htdocs\eimbox-dashboard\eimbox-materio\module-structure.php on line 132
[28-Sep-2025 01:33:48 Asia/Dhaka] PHP ERROR [2]: Undefined variable $selected in D:\XAMPP\htdocs\eimbox-dashboard\eimbox-materio\module-structure.php on line 132
[28-Sep-2025 01:35:17 Asia/Dhaka] PHP ERROR [2]: Undefined variable $selected in D:\XAMPP\htdocs\eimbox-dashboard\eimbox-materio\module-structure.php on line 132
[28-Sep-2025 01:36:57 Asia/Dhaka] PHP ERROR [2]: Undefined variable $selected in D:\XAMPP\htdocs\eimbox-dashboard\eimbox-materio\module-structure.php on line 132
[28-Sep-2025 01:37:04 Asia/Dhaka] PHP ERROR [2]: Undefined variable $selected in D:\XAMPP\htdocs\eimbox-dashboard\eimbox-materio\module-structure.php on line 132
[28-Sep-2025 01:39:06 Asia/Dhaka] PHP ERROR [2]: Undefined variable $selected in D:\XAMPP\htdocs\eimbox-dashboard\eimbox-materio\module-structure.php on line 132
[28-Sep-2025 01:39:09 Asia/Dhaka] PHP ERROR [2]: Undefined variable $selected in D:\XAMPP\htdocs\eimbox-dashboard\eimbox-materio\module-structure.php on line 132
[28-Sep-2025 13:48:22 Asia/Dhaka] PHP ERROR [2]: Undefined variable $selected in D:\XAMPP\htdocs\eimbox-dashboard\eimbox-materio\module-structure.php on line 132
[29-Sep-2025 14:21:11 Asia/Dhaka] PHP ERROR [2]: Undefined array key "user_email" in D:\XAMPP\htdocs\eimbox-dashboard\eimbox-materio\footer.php on line 155
[29-Sep-2025 14:22:12 Asia/Dhaka] PHP ERROR [2]: Undefined array key "user_email" in D:\XAMPP\htdocs\eimbox-dashboard\eimbox-materio\footer.php on line 155
[29-Sep-2025 14:29:02 Asia/Dhaka] PHP ERROR [2]: Undefined array key "user_email" in D:\XAMPP\htdocs\eimbox-dashboard\eimbox-materio\footer.php on line 155
[29-Sep-2025 14:32:20 Asia/Dhaka] PHP ERROR [2]: Undefined array key "user_email" in D:\XAMPP\htdocs\eimbox-dashboard\eimbox-materio\footer-plain.php on line 97
[29-Sep-2025 14:32:51 Asia/Dhaka] PHP ERROR [2]: Undefined array key "user_email" in D:\XAMPP\htdocs\eimbox-dashboard\eimbox-materio\footer-plain.php on line 97
[29-Sep-2025 14:32:53 Asia/Dhaka] PHP ERROR [2]: Undefined array key "user_email" in D:\XAMPP\htdocs\eimbox-dashboard\eimbox-materio\footer-plain.php on line 97
[29-Sep-2025 14:32:54 Asia/Dhaka] PHP ERROR [2]: Undefined array key "user_email" in D:\XAMPP\htdocs\eimbox-dashboard\eimbox-materio\footer-plain.php on line 97
[29-Sep-2025 14:33:00 Asia/Dhaka] PHP ERROR [2]: Cannot modify header information - headers already sent by (output started at D:\XAMPP\htdocs\eimbox-dashboard\eimbox-materio\header-plain.php:1) in D:\XAMPP\htdocs\eimbox-dashboard\eimbox-materio\login.php on line 61
[29-Sep-2025 14:33:55 Asia/Dhaka] PHP ERROR [2]: Cannot modify header information - headers already sent by (output started at D:\XAMPP\htdocs\eimbox-dashboard\eimbox-materio\header-plain.php:1) in D:\XAMPP\htdocs\eimbox-dashboard\eimbox-materio\login.php on line 13
[29-Sep-2025 14:34:54 Asia/Dhaka] PHP ERROR [2]: Undefined array key "user_email" in D:\XAMPP\htdocs\eimbox-dashboard\eimbox-materio\footer-plain.php on line 97
[29-Sep-2025 14:34:57 Asia/Dhaka] PHP ERROR [2]: Cannot modify header information - headers already sent by (output started at D:\XAMPP\htdocs\eimbox-dashboard\eimbox-materio\header-plain.php:1) in D:\XAMPP\htdocs\eimbox-dashboard\eimbox-materio\login.php on line 61
[29-Sep-2025 14:38:09 Asia/Dhaka] PHP ERROR [2]: Cannot modify header information - headers already sent by (output started at D:\XAMPP\htdocs\eimbox-dashboard\eimbox-materio\header-plain.php:1) in D:\XAMPP\htdocs\eimbox-dashboard\eimbox-materio\login.php on line 13
[29-Sep-2025 14:38:13 Asia/Dhaka] PHP ERROR [2]: Cannot modify header information - headers already sent by (output started at D:\XAMPP\htdocs\eimbox-dashboard\eimbox-materio\header-plain.php:1) in D:\XAMPP\htdocs\eimbox-dashboard\eimbox-materio\login.php on line 13
[29-Sep-2025 14:38:20 Asia/Dhaka] PHP ERROR [2]: Undefined array key "user_email" in D:\XAMPP\htdocs\eimbox-dashboard\eimbox-materio\footer-plain.php on line 97
[29-Sep-2025 14:38:22 Asia/Dhaka] PHP ERROR [2]: Cannot modify header information - headers already sent by (output started at D:\XAMPP\htdocs\eimbox-dashboard\eimbox-materio\header-plain.php:1) in D:\XAMPP\htdocs\eimbox-dashboard\eimbox-materio\login.php on line 61
[29-Sep-2025 14:40:54 Asia/Dhaka] PHP ERROR [2]: Undefined array key "user_email" in D:\XAMPP\htdocs\eimbox-dashboard\eimbox-materio\footer-plain.php on line 97
[29-Sep-2025 14:40:56 Asia/Dhaka] PHP ERROR [2]: Undefined array key "user_email" in D:\XAMPP\htdocs\eimbox-dashboard\eimbox-materio\footer-plain.php on line 97
[29-Sep-2025 14:40:58 Asia/Dhaka] PHP ERROR [2]: Undefined array key "user_email" in D:\XAMPP\htdocs\eimbox-dashboard\eimbox-materio\footer-plain.php on line 97
[29-Sep-2025 14:41:16 Asia/Dhaka] MFA token for user 3: 455922
[29-Sep-2025 14:41:16 Asia/Dhaka] PHP ERROR [2]: Cannot modify header information - headers already sent by (output started at D:\XAMPP\htdocs\eimbox-dashboard\eimbox-materio\header-plain.php:1) in D:\XAMPP\htdocs\eimbox-dashboard\eimbox-materio\login.php on line 67
[29-Sep-2025 14:45:02 Asia/Dhaka] PHP ERROR [2]: Undefined array key "user_email" in D:\XAMPP\htdocs\eimbox-dashboard\eimbox-materio\footer-plain.php on line 97
[29-Sep-2025 14:45:12 Asia/Dhaka] PHP ERROR [2]: Undefined array key "user_email" in D:\XAMPP\htdocs\eimbox-dashboard\eimbox-materio\footer-plain.php on line 97
[29-Sep-2025 14:45:28 Asia/Dhaka] PHP ERROR [2]: Undefined array key "user_email" in D:\XAMPP\htdocs\eimbox-dashboard\eimbox-materio\footer-plain.php on line 97
[29-Sep-2025 14:46:49 Asia/Dhaka] PHP ERROR [2]: Undefined array key "user_email" in D:\XAMPP\htdocs\eimbox-dashboard\eimbox-materio\footer-plain.php on line 97
[29-Sep-2025 14:46:53 Asia/Dhaka] PHP ERROR [2]: Undefined array key "user_email" in D:\XAMPP\htdocs\eimbox-dashboard\eimbox-materio\footer-plain.php on line 97
[29-Sep-2025 14:47:20 Asia/Dhaka] PHP ERROR [2]: Undefined array key "user_email" in D:\XAMPP\htdocs\eimbox-dashboard\eimbox-materio\footer-plain.php on line 97
[29-Sep-2025 14:47:32 Asia/Dhaka] PHP ERROR [2]: Undefined array key "user_email" in D:\XAMPP\htdocs\eimbox-dashboard\eimbox-materio\footer-plain.php on line 97
[29-Sep-2025 14:47:37 Asia/Dhaka] PHP ERROR [2]: Undefined array key "user_email" in D:\XAMPP\htdocs\eimbox-dashboard\eimbox-materio\footer-plain.php on line 97
[29-Sep-2025 14:48:01 Asia/Dhaka] PHP ERROR [2]: Undefined array key "user_email" in D:\XAMPP\htdocs\eimbox-dashboard\eimbox-materio\footer-plain.php on line 97
[29-Sep-2025 14:48:34 Asia/Dhaka] PHP ERROR [2]: Undefined array key "user_email" in D:\XAMPP\htdocs\eimbox-dashboard\eimbox-materio\footer-plain.php on line 97
[29-Sep-2025 14:48:38 Asia/Dhaka] PHP ERROR [2]: Undefined array key "user_email" in D:\XAMPP\htdocs\eimbox-dashboard\eimbox-materio\footer-plain.php on line 97
[29-Sep-2025 14:48:50 Asia/Dhaka] PHP ERROR [2]: Undefined array key "user_email" in D:\XAMPP\htdocs\eimbox-dashboard\eimbox-materio\footer-plain.php on line 97
[29-Sep-2025 14:49:35 Asia/Dhaka] PHP ERROR [2]: Undefined array key "user_email" in D:\XAMPP\htdocs\eimbox-dashboard\eimbox-materio\footer-plain.php on line 97
[29-Sep-2025 14:49:38 Asia/Dhaka] PHP ERROR [2]: Undefined array key "user_email" in D:\XAMPP\htdocs\eimbox-dashboard\eimbox-materio\footer-plain.php on line 97
[29-Sep-2025 14:49:41 Asia/Dhaka] PHP ERROR [2]: Undefined array key "user_email" in D:\XAMPP\htdocs\eimbox-dashboard\eimbox-materio\footer-plain.php on line 97
[29-Sep-2025 14:49:44 Asia/Dhaka] PHP ERROR [2]: Undefined array key "user_email" in D:\XAMPP\htdocs\eimbox-dashboard\eimbox-materio\footer-plain.php on line 97
[29-Sep-2025 14:49:46 Asia/Dhaka] PHP ERROR [2]: Undefined array key "user_email" in D:\XAMPP\htdocs\eimbox-dashboard\eimbox-materio\footer-plain.php on line 97
[29-Sep-2025 14:49:49 Asia/Dhaka] PHP ERROR [2]: Undefined array key "user_email" in D:\XAMPP\htdocs\eimbox-dashboard\eimbox-materio\footer-plain.php on line 97
[29-Sep-2025 14:49:55 Asia/Dhaka] PHP ERROR [2]: Undefined array key "user_email" in D:\XAMPP\htdocs\eimbox-dashboard\eimbox-materio\footer-plain.php on line 97
[29-Sep-2025 14:50:00 Asia/Dhaka] PHP ERROR [2]: Undefined array key "user_email" in D:\XAMPP\htdocs\eimbox-dashboard\eimbox-materio\footer-plain.php on line 97
[29-Sep-2025 14:58:00 Asia/Dhaka] PHP ERROR [2]: Undefined array key "user_email" in D:\XAMPP\htdocs\eimbox-dashboard\eimbox-materio\footer-plain.php on line 97
[29-Sep-2025 14:58:05 Asia/Dhaka] PHP ERROR [2]: Undefined array key "user_email" in D:\XAMPP\htdocs\eimbox-dashboard\eimbox-materio\footer-plain.php on line 97
[29-Sep-2025 15:01:28 Asia/Dhaka] PHP ERROR [2]: Undefined array key "user_email" in D:\XAMPP\htdocs\eimbox-dashboard\eimbox-materio\footer-plain.php on line 97
[29-Sep-2025 15:02:02 Asia/Dhaka] PHP ERROR [2]: Undefined array key "user_email" in D:\XAMPP\htdocs\eimbox-dashboard\eimbox-materio\footer-plain.php on line 97
[29-Sep-2025 15:07:52 Asia/Dhaka] PHP ERROR [2]: Undefined array key "user_email" in D:\XAMPP\htdocs\eimbox-dashboard\eimbox-materio\footer-plain.php on line 100
[29-Sep-2025 15:07:55 Asia/Dhaka] PHP ERROR [2]: Undefined array key "user_email" in D:\XAMPP\htdocs\eimbox-dashboard\eimbox-materio\footer-plain.php on line 100
[29-Sep-2025 15:12:04 Asia/Dhaka] PHP ERROR [2]: Undefined array key "user_email" in D:\XAMPP\htdocs\eimbox-dashboard\eimbox-materio\footer-plain.php on line 100
[29-Sep-2025 15:12:07 Asia/Dhaka] PHP ERROR [2]: Undefined array key "user_email" in D:\XAMPP\htdocs\eimbox-dashboard\eimbox-materio\footer-plain.php on line 100
[29-Sep-2025 15:12:45 Asia/Dhaka] PHP ERROR [2]: Undefined array key "user_email" in D:\XAMPP\htdocs\eimbox-dashboard\eimbox-materio\footer-plain.php on line 100
[29-Sep-2025 15:16:10 Asia/Dhaka] PHP ERROR [2]: Undefined array key "user_email" in D:\XAMPP\htdocs\eimbox-dashboard\eimbox-materio\footer-plain.php on line 100
[29-Sep-2025 15:23:13 Asia/Dhaka] PHP ERROR [2]: Undefined array key "user_email" in D:\XAMPP\htdocs\eimbox-dashboard\eimbox-materio\footer-plain.php on line 100
[29-Sep-2025 15:23:41 Asia/Dhaka] PHP ERROR [2]: Undefined array key "user_email" in D:\XAMPP\htdocs\eimbox-dashboard\eimbox-materio\footer-plain.php on line 100
[29-Sep-2025 15:23:45 Asia/Dhaka] PHP ERROR [2]: Undefined array key "user_email" in D:\XAMPP\htdocs\eimbox-dashboard\eimbox-materio\footer-plain.php on line 100
[29-Sep-2025 15:24:32 Asia/Dhaka] PHP ERROR [2]: Undefined array key "user_email" in D:\XAMPP\htdocs\eimbox-dashboard\eimbox-materio\footer-plain.php on line 100
[29-Sep-2025 15:25:01 Asia/Dhaka] PHP ERROR [2]: Undefined array key "user_email" in D:\XAMPP\htdocs\eimbox-dashboard\eimbox-materio\footer-plain.php on line 100
[29-Sep-2025 15:26:01 Asia/Dhaka] PHP ERROR [2]: Undefined array key "user_email" in D:\XAMPP\htdocs\eimbox-dashboard\eimbox-materio\footer-plain.php on line 100
[29-Sep-2025 15:30:52 Asia/Dhaka] PHP ERROR [2]: Undefined array key "user_email" in D:\XAMPP\htdocs\eimbox-dashboard\eimbox-materio\footer-plain.php on line 100
[29-Sep-2025 15:30:57 Asia/Dhaka] PHP ERROR [2]: Undefined array key "user_email" in D:\XAMPP\htdocs\eimbox-dashboard\eimbox-materio\footer-plain.php on line 100
[29-Sep-2025 15:32:34 Asia/Dhaka] PHP ERROR [2]: Undefined array key "user_email" in D:\XAMPP\htdocs\eimbox-dashboard\eimbox-materio\footer-plain.php on line 100
[29-Sep-2025 15:32:38 Asia/Dhaka] PHP ERROR [2]: Undefined array key "user_email" in D:\XAMPP\htdocs\eimbox-dashboard\eimbox-materio\footer-plain.php on line 100
[29-Sep-2025 15:32:42 Asia/Dhaka] PHP ERROR [2]: Undefined array key "user_email" in D:\XAMPP\htdocs\eimbox-dashboard\eimbox-materio\footer-plain.php on line 100
[29-Sep-2025 15:32:44 Asia/Dhaka] PHP ERROR [2]: Undefined array key "user_email" in D:\XAMPP\htdocs\eimbox-dashboard\eimbox-materio\footer-plain.php on line 100
[29-Sep-2025 15:32:47 Asia/Dhaka] PHP ERROR [2]: Undefined array key "user_email" in D:\XAMPP\htdocs\eimbox-dashboard\eimbox-materio\footer-plain.php on line 100
[29-Sep-2025 15:32:52 Asia/Dhaka] PHP ERROR [2]: Undefined array key "user_email" in D:\XAMPP\htdocs\eimbox-dashboard\eimbox-materio\footer-plain.php on line 100
[29-Sep-2025 15:32:57 Asia/Dhaka] PHP ERROR [2]: Undefined array key "user_email" in D:\XAMPP\htdocs\eimbox-dashboard\eimbox-materio\footer-plain.php on line 100
[29-Sep-2025 15:33:34 Asia/Dhaka] PHP ERROR [2]: Undefined array key "user_email" in D:\XAMPP\htdocs\eimbox-dashboard\eimbox-materio\footer-plain.php on line 100
[29-Sep-2025 15:33:41 Asia/Dhaka] PHP ERROR [2]: Undefined array key "user_email" in D:\XAMPP\htdocs\eimbox-dashboard\eimbox-materio\footer-plain.php on line 100
[29-Sep-2025 15:33:48 Asia/Dhaka] PHP ERROR [2]: Undefined array key "user_email" in D:\XAMPP\htdocs\eimbox-dashboard\eimbox-materio\footer-plain.php on line 100
[29-Sep-2025 15:34:09 Asia/Dhaka] PHP ERROR [2]: Undefined array key "user_email" in D:\XAMPP\htdocs\eimbox-dashboard\eimbox-materio\footer-plain.php on line 100
[29-Sep-2025 17:50:12 Asia/Dhaka] PHP ERROR [2]: Undefined array key "user_email" in D:\XAMPP\htdocs\eimbox-dashboard\eimbox-materio\footer-plain.php on line 100
[29-Sep-2025 17:50:47 Asia/Dhaka] PHP ERROR [2]: Undefined array key "user_email" in D:\XAMPP\htdocs\eimbox-dashboard\eimbox-materio\footer-plain.php on line 100
[29-Sep-2025 17:53:23 Asia/Dhaka] PHP ERROR [2]: Undefined array key "user_email" in D:\XAMPP\htdocs\eimbox-dashboard\eimbox-materio\footer-plain.php on line 100
[29-Sep-2025 17:53:38 Asia/Dhaka] PHP ERROR [2]: Undefined array key "user_email" in D:\XAMPP\htdocs\eimbox-dashboard\eimbox-materio\footer-plain.php on line 100
[29-Sep-2025 18:01:10 Asia/Dhaka] PHP ERROR [2]: Undefined array key "user_email" in D:\XAMPP\htdocs\eimbox-dashboard\eimbox-materio\footer-plain.php on line 100
[29-Sep-2025 18:02:13 Asia/Dhaka] PHP ERROR [2]: Undefined array key "user_email" in D:\XAMPP\htdocs\eimbox-dashboard\eimbox-materio\footer-plain.php on line 100
[29-Sep-2025 18:04:42 Asia/Dhaka] PHP ERROR [2]: Undefined array key "user_email" in D:\XAMPP\htdocs\eimbox-dashboard\eimbox-materio\footer-plain.php on line 100
[29-Sep-2025 18:08:00 Asia/Dhaka] PHP ERROR [2]: Undefined array key "user_email" in D:\XAMPP\htdocs\eimbox-dashboard\eimbox-materio\footer-plain.php on line 100
[29-Sep-2025 18:08:04 Asia/Dhaka] PHP ERROR [2]: Undefined array key "user_email" in D:\XAMPP\htdocs\eimbox-dashboard\eimbox-materio\footer-plain.php on line 100
[29-Sep-2025 18:08:08 Asia/Dhaka] PHP ERROR [2]: Undefined array key "user_email" in D:\XAMPP\htdocs\eimbox-dashboard\eimbox-materio\footer-plain.php on line 100
[29-Sep-2025 18:09:05 Asia/Dhaka] PHP ERROR [2]: Undefined array key "user_email" in D:\XAMPP\htdocs\eimbox-dashboard\eimbox-materio\footer-plain.php on line 100
[29-Sep-2025 18:10:07 Asia/Dhaka] PHP ERROR [2]: Undefined array key "user_email" in D:\XAMPP\htdocs\eimbox-dashboard\eimbox-materio\footer-plain.php on line 100
[29-Sep-2025 18:10:16 Asia/Dhaka] PHP ERROR [2]: Undefined array key "user_email" in D:\XAMPP\htdocs\eimbox-dashboard\eimbox-materio\footer-plain.php on line 100
[29-Sep-2025 18:10:22 Asia/Dhaka] PHP ERROR [2]: Undefined array key "user_email" in D:\XAMPP\htdocs\eimbox-dashboard\eimbox-materio\footer-plain.php on line 100
[29-Sep-2025 18:11:31 Asia/Dhaka] PHP ERROR [2]: Undefined array key "user_email" in D:\XAMPP\htdocs\eimbox-dashboard\eimbox-materio\footer-plain.php on line 100
[29-Sep-2025 18:11:33 Asia/Dhaka] PHP ERROR [2]: Undefined array key "user_email" in D:\XAMPP\htdocs\eimbox-dashboard\eimbox-materio\footer-plain.php on line 100
[29-Sep-2025 18:11:35 Asia/Dhaka] PHP ERROR [2]: Undefined array key "user_email" in D:\XAMPP\htdocs\eimbox-dashboard\eimbox-materio\footer-plain.php on line 100
[29-Sep-2025 18:13:50 Asia/Dhaka] PHP ERROR [2]: Undefined array key "user_email" in D:\XAMPP\htdocs\eimbox-dashboard\eimbox-materio\footer-plain.php on line 100
[29-Sep-2025 18:14:16 Asia/Dhaka] PHP ERROR [2]: Undefined variable $selected in D:\XAMPP\htdocs\eimbox-dashboard\eimbox-materio\module-structure.php on line 132
[29-Sep-2025 18:14:45 Asia/Dhaka] PHP ERROR [2]: Undefined array key "user_email" in D:\XAMPP\htdocs\eimbox-dashboard\eimbox-materio\footer-plain.php on line 100
[29-Sep-2025 18:14:50 Asia/Dhaka] PHP ERROR [2]: Undefined array key "user_email" in D:\XAMPP\htdocs\eimbox-dashboard\eimbox-materio\footer-plain.php on line 100
[29-Sep-2025 18:15:00 Asia/Dhaka] PHP ERROR [2]: Undefined array key "user_email" in D:\XAMPP\htdocs\eimbox-dashboard\eimbox-materio\footer-plain.php on line 100
[29-Sep-2025 18:16:48 Asia/Dhaka] PHP ERROR [2]: Undefined array key "user_email" in D:\XAMPP\htdocs\eimbox-dashboard\eimbox-materio\footer-plain.php on line 100
[29-Sep-2025 18:16:51 Asia/Dhaka] PHP ERROR [2]: Undefined array key "user_email" in D:\XAMPP\htdocs\eimbox-dashboard\eimbox-materio\footer-plain.php on line 100
[29-Sep-2025 18:16:53 Asia/Dhaka] PHP ERROR [2]: Undefined array key "user_email" in D:\XAMPP\htdocs\eimbox-dashboard\eimbox-materio\footer-plain.php on line 100
[29-Sep-2025 18:17:19 Asia/Dhaka] PHP ERROR [2]: Undefined array key "user_email" in D:\XAMPP\htdocs\eimbox-dashboard\eimbox-materio\footer-plain.php on line 100
[29-Sep-2025 18:17:21 Asia/Dhaka] PHP ERROR [2]: Undefined array key "user_email" in D:\XAMPP\htdocs\eimbox-dashboard\eimbox-materio\footer-plain.php on line 100
[29-Sep-2025 18:17:22 Asia/Dhaka] PHP ERROR [2]: Undefined array key "user_email" in D:\XAMPP\htdocs\eimbox-dashboard\eimbox-materio\footer-plain.php on line 100
[29-Sep-2025 18:17:24 Asia/Dhaka] PHP ERROR [2]: Undefined array key "user_email" in D:\XAMPP\htdocs\eimbox-dashboard\eimbox-materio\footer-plain.php on line 100
[29-Sep-2025 18:18:03 Asia/Dhaka] PHP ERROR [2]: Undefined array key "user_email" in D:\XAMPP\htdocs\eimbox-dashboard\eimbox-materio\footer-plain.php on line 100
[29-Sep-2025 18:18:06 Asia/Dhaka] PHP ERROR [2]: Undefined array key "user_email" in D:\XAMPP\htdocs\eimbox-dashboard\eimbox-materio\footer-plain.php on line 100
[29-Sep-2025 18:18:08 Asia/Dhaka] PHP ERROR [2]: Undefined array key "user_email" in D:\XAMPP\htdocs\eimbox-dashboard\eimbox-materio\footer-plain.php on line 100
[29-Sep-2025 18:18:10 Asia/Dhaka] PHP ERROR [2]: Undefined array key "user_email" in D:\XAMPP\htdocs\eimbox-dashboard\eimbox-materio\footer-plain.php on line 100
[29-Sep-2025 18:20:27 Asia/Dhaka] PHP ERROR [2]: Undefined array key "user_email" in D:\XAMPP\htdocs\eimbox-dashboard\eimbox-materio\footer-plain.php on line 100
[29-Sep-2025 18:20:29 Asia/Dhaka] PHP ERROR [2]: Undefined array key "user_email" in D:\XAMPP\htdocs\eimbox-dashboard\eimbox-materio\footer-plain.php on line 100
[29-Sep-2025 18:20:31 Asia/Dhaka] PHP ERROR [2]: Undefined array key "user_email" in D:\XAMPP\htdocs\eimbox-dashboard\eimbox-materio\footer-plain.php on line 100
[29-Sep-2025 18:20:35 Asia/Dhaka] PHP ERROR [2]: Undefined array key "user_email" in D:\XAMPP\htdocs\eimbox-dashboard\eimbox-materio\footer-plain.php on line 100
[29-Sep-2025 18:21:08 Asia/Dhaka] PHP ERROR [2]: Undefined array key "user_email" in D:\XAMPP\htdocs\eimbox-dashboard\eimbox-materio\footer-plain.php on line 100
[29-Sep-2025 18:21:11 Asia/Dhaka] PHP ERROR [2]: Undefined array key "user_email" in D:\XAMPP\htdocs\eimbox-dashboard\eimbox-materio\footer-plain.php on line 100
[29-Sep-2025 18:21:12 Asia/Dhaka] PHP ERROR [2]: Undefined array key "user_email" in D:\XAMPP\htdocs\eimbox-dashboard\eimbox-materio\footer-plain.php on line 100
[29-Sep-2025 18:22:38 Asia/Dhaka] PHP ERROR [2]: Undefined array key "user_email" in D:\XAMPP\htdocs\eimbox-dashboard\eimbox-materio\footer-plain.php on line 100
[29-Sep-2025 18:22:42 Asia/Dhaka] PHP ERROR [2]: Undefined array key "user_email" in D:\XAMPP\htdocs\eimbox-dashboard\eimbox-materio\footer-plain.php on line 100
[29-Sep-2025 18:23:12 Asia/Dhaka] PHP ERROR [2]: Undefined array key "user_email" in D:\XAMPP\htdocs\eimbox-dashboard\eimbox-materio\footer-plain.php on line 100
[29-Sep-2025 18:23:23 Asia/Dhaka] PHP ERROR [2]: Undefined array key "user_email" in D:\XAMPP\htdocs\eimbox-dashboard\eimbox-materio\footer-plain.php on line 100
[29-Sep-2025 18:23:47 Asia/Dhaka] PHP ERROR [2]: Undefined array key "user_email" in D:\XAMPP\htdocs\eimbox-dashboard\eimbox-materio\footer-plain.php on line 100
[29-Sep-2025 18:23:50 Asia/Dhaka] PHP ERROR [2]: Undefined array key "user_email" in D:\XAMPP\htdocs\eimbox-dashboard\eimbox-materio\footer-plain.php on line 100
[29-Sep-2025 18:24:08 Asia/Dhaka] PHP ERROR [2]: Undefined array key "user_email" in D:\XAMPP\htdocs\eimbox-dashboard\eimbox-materio\footer-plain.php on line 100
[29-Sep-2025 18:24:10 Asia/Dhaka] PHP ERROR [2]: Undefined array key "user_email" in D:\XAMPP\htdocs\eimbox-dashboard\eimbox-materio\footer-plain.php on line 100
[29-Sep-2025 18:24:14 Asia/Dhaka] PHP ERROR [2]: Undefined array key "user_email" in D:\XAMPP\htdocs\eimbox-dashboard\eimbox-materio\footer-plain.php on line 100
[29-Sep-2025 18:24:30 Asia/Dhaka] PHP ERROR [2]: Undefined array key "user_email" in D:\XAMPP\htdocs\eimbox-dashboard\eimbox-materio\footer-plain.php on line 100
[29-Sep-2025 18:24:33 Asia/Dhaka] PHP ERROR [2]: Undefined array key "user_email" in D:\XAMPP\htdocs\eimbox-dashboard\eimbox-materio\footer-plain.php on line 100
[29-Sep-2025 18:25:21 Asia/Dhaka] PHP ERROR [2]: Undefined array key "user_email" in D:\XAMPP\htdocs\eimbox-dashboard\eimbox-materio\footer-plain.php on line 100
[29-Sep-2025 18:25:27 Asia/Dhaka] PHP ERROR [2]: Undefined array key "user_email" in D:\XAMPP\htdocs\eimbox-dashboard\eimbox-materio\footer-plain.php on line 100
[29-Sep-2025 18:25:31 Asia/Dhaka] PHP ERROR [2]: Undefined array key "user_email" in D:\XAMPP\htdocs\eimbox-dashboard\eimbox-materio\footer-plain.php on line 100
[29-Sep-2025 18:26:50 Asia/Dhaka] PHP ERROR [2]: Undefined array key "user_email" in D:\XAMPP\htdocs\eimbox-dashboard\eimbox-materio\footer-plain.php on line 100
[29-Sep-2025 18:26:52 Asia/Dhaka] PHP ERROR [2]: Undefined array key "user_email" in D:\XAMPP\htdocs\eimbox-dashboard\eimbox-materio\footer-plain.php on line 100
[29-Sep-2025 18:26:53 Asia/Dhaka] PHP ERROR [2]: Undefined array key "user_email" in D:\XAMPP\htdocs\eimbox-dashboard\eimbox-materio\footer-plain.php on line 100
[29-Sep-2025 18:26:55 Asia/Dhaka] PHP ERROR [2]: Undefined array key "user_email" in D:\XAMPP\htdocs\eimbox-dashboard\eimbox-materio\footer-plain.php on line 100
[29-Sep-2025 18:26:55 Asia/Dhaka] PHP ERROR [2]: Undefined array key "user_email" in D:\XAMPP\htdocs\eimbox-dashboard\eimbox-materio\footer-plain.php on line 100
[29-Sep-2025 18:27:00 Asia/Dhaka] PHP ERROR [2]: Undefined array key "user_email" in D:\XAMPP\htdocs\eimbox-dashboard\eimbox-materio\footer-plain.php on line 100
[29-Sep-2025 18:27:03 Asia/Dhaka] PHP ERROR [2]: Undefined array key "user_email" in D:\XAMPP\htdocs\eimbox-dashboard\eimbox-materio\footer-plain.php on line 100
[29-Sep-2025 18:27:04 Asia/Dhaka] PHP ERROR [2]: Undefined array key "user_email" in D:\XAMPP\htdocs\eimbox-dashboard\eimbox-materio\footer-plain.php on line 100
[29-Sep-2025 18:27:10 Asia/Dhaka] PHP ERROR [2]: Undefined array key "user_email" in D:\XAMPP\htdocs\eimbox-dashboard\eimbox-materio\footer-plain.php on line 100
[29-Sep-2025 18:29:07 Asia/Dhaka] PHP ERROR [2]: Undefined array key "user_email" in D:\XAMPP\htdocs\eimbox-dashboard\eimbox-materio\footer-plain.php on line 100
[29-Sep-2025 18:30:21 Asia/Dhaka] PHP ERROR [2]: Undefined array key "user_email" in D:\XAMPP\htdocs\eimbox-dashboard\eimbox-materio\footer-plain.php on line 100
[29-Sep-2025 18:30:24 Asia/Dhaka] PHP ERROR [2]: Undefined array key "user_email" in D:\XAMPP\htdocs\eimbox-dashboard\eimbox-materio\footer-plain.php on line 100
[29-Sep-2025 18:30:46 Asia/Dhaka] PHP ERROR [2]: Undefined array key "user_email" in D:\XAMPP\htdocs\eimbox-dashboard\eimbox-materio\footer-plain.php on line 100
[29-Sep-2025 18:30:48 Asia/Dhaka] PHP ERROR [2]: Undefined array key "user_email" in D:\XAMPP\htdocs\eimbox-dashboard\eimbox-materio\footer-plain.php on line 100
[29-Sep-2025 18:30:57 Asia/Dhaka] PHP ERROR [2]: Undefined array key "user_email" in D:\XAMPP\htdocs\eimbox-dashboard\eimbox-materio\footer-plain.php on line 100
[29-Sep-2025 18:31:56 Asia/Dhaka] PHP ERROR [2]: Undefined array key "user_email" in D:\XAMPP\htdocs\eimbox-dashboard\eimbox-materio\footer-plain.php on line 100
[29-Sep-2025 18:31:58 Asia/Dhaka] PHP ERROR [2]: Undefined array key "user_email" in D:\XAMPP\htdocs\eimbox-dashboard\eimbox-materio\footer-plain.php on line 100
[29-Sep-2025 18:32:08 Asia/Dhaka] PHP ERROR [2]: Undefined array key "user_email" in D:\XAMPP\htdocs\eimbox-dashboard\eimbox-materio\footer-plain.php on line 100
[29-Sep-2025 18:32:11 Asia/Dhaka] PHP ERROR [2]: Undefined array key "user_email" in D:\XAMPP\htdocs\eimbox-dashboard\eimbox-materio\footer-plain.php on line 100
[29-Sep-2025 18:32:18 Asia/Dhaka] PHP ERROR [2]: Undefined array key "user_email" in D:\XAMPP\htdocs\eimbox-dashboard\eimbox-materio\footer-plain.php on line 100
[29-Sep-2025 18:32:23 Asia/Dhaka] PHP ERROR [2]: Undefined array key "user_email" in D:\XAMPP\htdocs\eimbox-dashboard\eimbox-materio\footer-plain.php on line 100
[29-Sep-2025 18:32:39 Asia/Dhaka] PHP ERROR [2]: Undefined array key "user_email" in D:\XAMPP\htdocs\eimbox-dashboard\eimbox-materio\footer-plain.php on line 100
[29-Sep-2025 18:32:44 Asia/Dhaka] PHP ERROR [2]: Undefined array key "user_email" in D:\XAMPP\htdocs\eimbox-dashboard\eimbox-materio\footer-plain.php on line 100
[29-Sep-2025 18:32:58 Asia/Dhaka] PHP ERROR [2]: Undefined array key "user_email" in D:\XAMPP\htdocs\eimbox-dashboard\eimbox-materio\footer-plain.php on line 100
[29-Sep-2025 18:34:22 Asia/Dhaka] PHP ERROR [2]: Undefined array key "user_email" in D:\XAMPP\htdocs\eimbox-dashboard\eimbox-materio\footer-plain.php on line 100
[29-Sep-2025 18:34:25 Asia/Dhaka] PHP ERROR [2]: Undefined array key "user_email" in D:\XAMPP\htdocs\eimbox-dashboard\eimbox-materio\footer-plain.php on line 100
[29-Sep-2025 18:34:30 Asia/Dhaka] PHP ERROR [2]: Undefined array key "user_email" in D:\XAMPP\htdocs\eimbox-dashboard\eimbox-materio\footer-plain.php on line 100
[29-Sep-2025 18:35:11 Asia/Dhaka] PHP ERROR [2]: Undefined array key "user_email" in D:\XAMPP\htdocs\eimbox-dashboard\eimbox-materio\footer-plain.php on line 100
[29-Sep-2025 18:35:39 Asia/Dhaka] PHP ERROR [2]: Undefined array key "user_email" in D:\XAMPP\htdocs\eimbox-dashboard\eimbox-materio\footer-plain.php on line 100
[29-Sep-2025 18:35:41 Asia/Dhaka] PHP ERROR [2]: Undefined array key "user_email" in D:\XAMPP\htdocs\eimbox-dashboard\eimbox-materio\footer-plain.php on line 100
[29-Sep-2025 18:41:21 Asia/Dhaka] PHP ERROR [2]: Undefined array key "user_email" in D:\XAMPP\htdocs\eimbox-dashboard\eimbox-materio\footer-plain.php on line 100
[29-Sep-2025 18:41:38 Asia/Dhaka] PHP ERROR [2]: Undefined array key "user_email" in D:\XAMPP\htdocs\eimbox-dashboard\eimbox-materio\footer-plain.php on line 100
[29-Sep-2025 18:41:41 Asia/Dhaka] PHP ERROR [2]: Undefined array key "user_email" in D:\XAMPP\htdocs\eimbox-dashboard\eimbox-materio\footer-plain.php on line 100
[29-Sep-2025 18:42:19 Asia/Dhaka] PHP ERROR [2]: Undefined array key "user_email" in D:\XAMPP\htdocs\eimbox-dashboard\eimbox-materio\footer-plain.php on line 100
[29-Sep-2025 18:42:22 Asia/Dhaka] PHP ERROR [2]: Undefined array key "user_email" in D:\XAMPP\htdocs\eimbox-dashboard\eimbox-materio\footer-plain.php on line 100
[29-Sep-2025 18:46:39 Asia/Dhaka] PHP ERROR [2]: Undefined array key "user_email" in D:\XAMPP\htdocs\eimbox-dashboard\eimbox-materio\footer-plain.php on line 100
[29-Sep-2025 18:47:01 Asia/Dhaka] PHP ERROR [2]: Undefined array key "user_email" in D:\XAMPP\htdocs\eimbox-dashboard\eimbox-materio\footer-plain.php on line 100
[29-Sep-2025 18:51:28 Asia/Dhaka] PHP ERROR [2]: Undefined array key "user_email" in D:\XAMPP\htdocs\eimbox-dashboard\eimbox-materio\footer-plain.php on line 100
[29-Sep-2025 18:52:44 Asia/Dhaka] PHP ERROR [2]: Undefined array key "user_email" in D:\XAMPP\htdocs\eimbox-dashboard\eimbox-materio\footer-plain.php on line 100
[29-Sep-2025 18:57:07 Asia/Dhaka] PHP ERROR [2]: Undefined array key "user_email" in D:\XAMPP\htdocs\eimbox-dashboard\eimbox-materio\footer-plain.php on line 100
[29-Sep-2025 18:57:45 Asia/Dhaka] PHP ERROR [2]: Undefined array key "user_email" in D:\XAMPP\htdocs\eimbox-dashboard\eimbox-materio\footer-plain.php on line 100
[29-Sep-2025 18:58:30 Asia/Dhaka] PHP ERROR [2]: Undefined array key "user_email" in D:\XAMPP\htdocs\eimbox-dashboard\eimbox-materio\footer-plain.php on line 100
[29-Sep-2025 18:58:31 Asia/Dhaka] PHP ERROR [2]: Undefined array key "user_email" in D:\XAMPP\htdocs\eimbox-dashboard\eimbox-materio\footer-plain.php on line 100
[29-Sep-2025 18:58:33 Asia/Dhaka] PHP ERROR [2]: Undefined array key "user_email" in D:\XAMPP\htdocs\eimbox-dashboard\eimbox-materio\footer-plain.php on line 100
[29-Sep-2025 18:58:34 Asia/Dhaka] PHP ERROR [2]: Undefined array key "user_email" in D:\XAMPP\htdocs\eimbox-dashboard\eimbox-materio\footer-plain.php on line 100
[29-Sep-2025 18:58:43 Asia/Dhaka] PHP ERROR [2]: Undefined array key "user_email" in D:\XAMPP\htdocs\eimbox-dashboard\eimbox-materio\footer-plain.php on line 100
[29-Sep-2025 18:58:47 Asia/Dhaka] PHP ERROR [2]: Undefined array key "user_email" in D:\XAMPP\htdocs\eimbox-dashboard\eimbox-materio\footer-plain.php on line 100
[29-Sep-2025 18:58:54 Asia/Dhaka] PHP ERROR [2]: Undefined array key "user_email" in D:\XAMPP\htdocs\eimbox-dashboard\eimbox-materio\footer-plain.php on line 100
[29-Sep-2025 18:59:52 Asia/Dhaka] PHP ERROR [2]: Undefined array key "user_email" in D:\XAMPP\htdocs\eimbox-dashboard\eimbox-materio\footer-plain.php on line 100
[29-Sep-2025 19:00:27 Asia/Dhaka] PHP ERROR [2]: Undefined array key "user_email" in D:\XAMPP\htdocs\eimbox-dashboard\eimbox-materio\footer-plain.php on line 100
[29-Sep-2025 19:00:41 Asia/Dhaka] PHP ERROR [2]: Undefined array key "user_email" in D:\XAMPP\htdocs\eimbox-dashboard\eimbox-materio\footer-plain.php on line 100
[29-Sep-2025 19:01:38 Asia/Dhaka] PHP ERROR [2]: Undefined array key "user_email" in D:\XAMPP\htdocs\eimbox-dashboard\eimbox-materio\footer-plain.php on line 100
[29-Sep-2025 19:02:23 Asia/Dhaka] PHP ERROR [2]: Undefined array key "user_email" in D:\XAMPP\htdocs\eimbox-dashboard\eimbox-materio\footer-plain.php on line 100
[29-Sep-2025 19:02:54 Asia/Dhaka] PHP ERROR [2]: Undefined array key "user_email" in D:\XAMPP\htdocs\eimbox-dashboard\eimbox-materio\footer-plain.php on line 100
[29-Sep-2025 19:03:13 Asia/Dhaka] PHP ERROR [2]: Undefined array key "user_email" in D:\XAMPP\htdocs\eimbox-dashboard\eimbox-materio\footer-plain.php on line 100
[29-Sep-2025 19:03:25 Asia/Dhaka] PHP ERROR [2]: Undefined array key "user_email" in D:\XAMPP\htdocs\eimbox-dashboard\eimbox-materio\footer-plain.php on line 100
[29-Sep-2025 19:03:35 Asia/Dhaka] PHP ERROR [2]: Undefined array key "user_email" in D:\XAMPP\htdocs\eimbox-dashboard\eimbox-materio\footer-plain.php on line 100
[29-Sep-2025 19:03:55 Asia/Dhaka] PHP ERROR [2]: Undefined array key "user_email" in D:\XAMPP\htdocs\eimbox-dashboard\eimbox-materio\footer-plain.php on line 100
[29-Sep-2025 19:04:02 Asia/Dhaka] PHP ERROR [2]: Undefined array key "user_email" in D:\XAMPP\htdocs\eimbox-dashboard\eimbox-materio\footer-plain.php on line 100
[29-Sep-2025 19:04:12 Asia/Dhaka] PHP ERROR [2]: Undefined array key "user_email" in D:\XAMPP\htdocs\eimbox-dashboard\eimbox-materio\footer-plain.php on line 100
[29-Sep-2025 19:04:19 Asia/Dhaka] PHP ERROR [2]: Undefined array key "user_email" in D:\XAMPP\htdocs\eimbox-dashboard\eimbox-materio\footer-plain.php on line 100
[29-Sep-2025 19:04:39 Asia/Dhaka] PHP ERROR [2]: Undefined array key "user_email" in D:\XAMPP\htdocs\eimbox-dashboard\eimbox-materio\footer-plain.php on line 100
[29-Sep-2025 19:05:26 Asia/Dhaka] PHP ERROR [2]: Undefined array key "user_email" in D:\XAMPP\htdocs\eimbox-dashboard\eimbox-materio\footer-plain.php on line 100
[29-Sep-2025 19:05:42 Asia/Dhaka] PHP ERROR [2]: Undefined array key "user_email" in D:\XAMPP\htdocs\eimbox-dashboard\eimbox-materio\footer-plain.php on line 100
[29-Sep-2025 19:06:02 Asia/Dhaka] PHP ERROR [2]: Undefined array key "user_email" in D:\XAMPP\htdocs\eimbox-dashboard\eimbox-materio\footer-plain.php on line 100
[29-Sep-2025 19:06:07 Asia/Dhaka] PHP ERROR [2]: Undefined array key "user_email" in D:\XAMPP\htdocs\eimbox-dashboard\eimbox-materio\footer-plain.php on line 100
[29-Sep-2025 19:06:12 Asia/Dhaka] PHP ERROR [2]: Undefined array key "user_email" in D:\XAMPP\htdocs\eimbox-dashboard\eimbox-materio\footer-plain.php on line 100
[29-Sep-2025 19:06:21 Asia/Dhaka] PHP ERROR [2]: Undefined array key "user_email" in D:\XAMPP\htdocs\eimbox-dashboard\eimbox-materio\footer-plain.php on line 100
[29-Sep-2025 19:07:28 Asia/Dhaka] PHP ERROR [2]: Undefined array key "user_email" in D:\XAMPP\htdocs\eimbox-dashboard\eimbox-materio\footer-plain.php on line 100
[29-Sep-2025 19:07:39 Asia/Dhaka] PHP ERROR [2]: Undefined array key "user_email" in D:\XAMPP\htdocs\eimbox-dashboard\eimbox-materio\footer-plain.php on line 100
[29-Sep-2025 19:07:53 Asia/Dhaka] PHP ERROR [2]: Undefined array key "user_email" in D:\XAMPP\htdocs\eimbox-dashboard\eimbox-materio\footer-plain.php on line 100
[29-Sep-2025 19:08:03 Asia/Dhaka] PHP ERROR [2]: Undefined array key "user_email" in D:\XAMPP\htdocs\eimbox-dashboard\eimbox-materio\footer-plain.php on line 100
[29-Sep-2025 19:08:09 Asia/Dhaka] PHP ERROR [2]: Undefined array key "user_email" in D:\XAMPP\htdocs\eimbox-dashboard\eimbox-materio\footer-plain.php on line 100
[29-Sep-2025 19:08:52 Asia/Dhaka] PHP ERROR [2]: Undefined array key "user_email" in D:\XAMPP\htdocs\eimbox-dashboard\eimbox-materio\footer-plain.php on line 100
[29-Sep-2025 19:11:24 Asia/Dhaka] PHP ERROR [2]: Undefined array key "user_email" in D:\XAMPP\htdocs\eimbox-dashboard\eimbox-materio\footer-plain.php on line 100
[29-Sep-2025 19:11:26 Asia/Dhaka] PHP ERROR [2]: Undefined array key "user_email" in D:\XAMPP\htdocs\eimbox-dashboard\eimbox-materio\footer-plain.php on line 100
[29-Sep-2025 19:11:33 Asia/Dhaka] PHP ERROR [2]: Undefined array key "user_email" in D:\XAMPP\htdocs\eimbox-dashboard\eimbox-materio\footer-plain.php on line 100
[29-Sep-2025 19:11:45 Asia/Dhaka] PHP ERROR [2]: Undefined array key "user_email" in D:\XAMPP\htdocs\eimbox-dashboard\eimbox-materio\footer-plain.php on line 100
[29-Sep-2025 19:12:10 Asia/Dhaka] PHP ERROR [2]: Undefined array key "user_email" in D:\XAMPP\htdocs\eimbox-dashboard\eimbox-materio\footer-plain.php on line 100
[29-Sep-2025 19:12:25 Asia/Dhaka] Uncaught Exception: Unknown column 'password' in 'field list' in D:\XAMPP\htdocs\eimbox-dashboard\eimbox-materio\reset_password_process.php on line 49
[29-Sep-2025 19:14:09 Asia/Dhaka] Uncaught Exception: Unknown column 'password' in 'field list' in D:\XAMPP\htdocs\eimbox-dashboard\eimbox-materio\reset_password_process.php on line 49
[29-Sep-2025 19:15:47 Asia/Dhaka] Uncaught Exception: You have an error in your SQL syntax; check the manual that corresponds to your MariaDB server version for the right syntax to use near 'reset_token_hash=NULL, reset_token_expires=NULL WHERE email=?' at line 1 in D:\XAMPP\htdocs\eimbox-dashboard\eimbox-materio\reset_password_process.php on line 49
[29-Sep-2025 19:16:39 Asia/Dhaka] PHP ERROR [2]: Undefined array key "user_email" in D:\XAMPP\htdocs\eimbox-dashboard\eimbox-materio\footer-plain.php on line 100
[29-Sep-2025 19:17:44 Asia/Dhaka] PHP ERROR [2]: Undefined array key "user_email" in D:\XAMPP\htdocs\eimbox-dashboard\eimbox-materio\footer-plain.php on line 100
[29-Sep-2025 19:17:49 Asia/Dhaka] PHP ERROR [2]: Undefined array key "user_email" in D:\XAMPP\htdocs\eimbox-dashboard\eimbox-materio\footer-plain.php on line 100
[29-Sep-2025 19:18:13 Asia/Dhaka] PHP ERROR [2]: Undefined array key "user_email" in D:\XAMPP\htdocs\eimbox-dashboard\eimbox-materio\footer-plain.php on line 100
[29-Sep-2025 19:18:29 Asia/Dhaka] PHP ERROR [2]: Undefined array key "user_email" in D:\XAMPP\htdocs\eimbox-dashboard\eimbox-materio\footer-plain.php on line 100
[29-Sep-2025 19:18:33 Asia/Dhaka] PHP ERROR [2]: Undefined array key "user_email" in D:\XAMPP\htdocs\eimbox-dashboard\eimbox-materio\footer-plain.php on line 100
[29-Sep-2025 19:19:16 Asia/Dhaka] PHP ERROR [2]: Undefined array key "user_email" in D:\XAMPP\htdocs\eimbox-dashboard\eimbox-materio\footer-plain.php on line 100
[29-Sep-2025 19:19:28 Asia/Dhaka] PHP ERROR [2]: Undefined array key "user_email" in D:\XAMPP\htdocs\eimbox-dashboard\eimbox-materio\footer-plain.php on line 100
[29-Sep-2025 19:19:47 Asia/Dhaka] PHP ERROR [2]: Undefined array key "user_email" in D:\XAMPP\htdocs\eimbox-dashboard\eimbox-materio\footer-plain.php on line 100
[29-Sep-2025 19:22:53 Asia/Dhaka] PHP ERROR [2]: Undefined array key "user_email" in D:\XAMPP\htdocs\eimbox-dashboard\eimbox-materio\footer-plain.php on line 100
[29-Sep-2025 19:22:56 Asia/Dhaka] PHP ERROR [2]: Undefined array key "user_email" in D:\XAMPP\htdocs\eimbox-dashboard\eimbox-materio\footer-plain.php on line 100
[29-Sep-2025 23:02:07 Asia/Dhaka] PHP ERROR [2]: Undefined variable $selected in D:\XAMPP\htdocs\eimbox-dashboard\eimbox-materio\module-structure.php on line 132
[29-Sep-2025 23:33:44 Asia/Dhaka] PHP ERROR [2]: Undefined array key "user_email" in D:\XAMPP\htdocs\eimbox-dashboard\eimbox-materio\footer-plain.php on line 100
[29-Sep-2025 23:39:31 Asia/Dhaka] PHP ERROR [2]: Undefined array key "user_email" in D:\XAMPP\htdocs\eimbox-dashboard\eimbox-materio\footer-plain.php on line 100
[29-Sep-2025 23:41:48 Asia/Dhaka] PHP ERROR [2]: Undefined array key "user_email" in D:\XAMPP\htdocs\eimbox-dashboard\eimbox-materio\footer-plain.php on line 100
[29-Sep-2025 23:42:17 Asia/Dhaka] PHP ERROR [2]: Undefined array key "user_email" in D:\XAMPP\htdocs\eimbox-dashboard\eimbox-materio\footer-plain.php on line 100
[29-Sep-2025 23:42:30 Asia/Dhaka] PHP ERROR [2]: Undefined array key "user_email" in D:\XAMPP\htdocs\eimbox-dashboard\eimbox-materio\footer-plain.php on line 100
[29-Sep-2025 23:42:37 Asia/Dhaka] PHP ERROR [2]: Undefined array key "user_email" in D:\XAMPP\htdocs\eimbox-dashboard\eimbox-materio\footer-plain.php on line 100
[29-Sep-2025 23:42:39 Asia/Dhaka] PHP ERROR [2]: Undefined array key "user_email" in D:\XAMPP\htdocs\eimbox-dashboard\eimbox-materio\footer-plain.php on line 100
[29-Sep-2025 23:42:41 Asia/Dhaka] PHP ERROR [2]: Undefined array key "user_email" in D:\XAMPP\htdocs\eimbox-dashboard\eimbox-materio\footer-plain.php on line 100
[29-Sep-2025 23:44:09 Asia/Dhaka] PHP ERROR [2]: Undefined array key "user_email" in D:\XAMPP\htdocs\eimbox-dashboard\eimbox-materio\footer-plain.php on line 100
[29-Sep-2025 23:45:45 Asia/Dhaka] PHP ERROR [2]: Undefined array key "user_email" in D:\XAMPP\htdocs\eimbox-dashboard\eimbox-materio\footer-plain.php on line 100
[29-Sep-2025 23:45:52 Asia/Dhaka] PHP ERROR [2]: Undefined array key "user_email" in D:\XAMPP\htdocs\eimbox-dashboard\eimbox-materio\footer-plain.php on line 100
[29-Sep-2025 23:47:35 Asia/Dhaka] PHP ERROR [2]: Undefined array key "user_email" in D:\XAMPP\htdocs\eimbox-dashboard\eimbox-materio\footer-plain.php on line 100
[29-Sep-2025 23:47:41 Asia/Dhaka] PHP ERROR [2]: Undefined array key "user_email" in D:\XAMPP\htdocs\eimbox-dashboard\eimbox-materio\footer-plain.php on line 100
[29-Sep-2025 23:48:50 Asia/Dhaka] PHP ERROR [2]: Undefined array key "user_email" in D:\XAMPP\htdocs\eimbox-dashboard\eimbox-materio\footer-plain.php on line 100
[29-Sep-2025 23:48:51 Asia/Dhaka] PHP ERROR [2]: Undefined array key "user_email" in D:\XAMPP\htdocs\eimbox-dashboard\eimbox-materio\footer-plain.php on line 100
[29-Sep-2025 23:49:03 Asia/Dhaka] PHP ERROR [2]: Undefined array key "user_email" in D:\XAMPP\htdocs\eimbox-dashboard\eimbox-materio\footer-plain.php on line 100
[29-Sep-2025 23:49:18 Asia/Dhaka] PHP ERROR [2]: Undefined array key "user_email" in D:\XAMPP\htdocs\eimbox-dashboard\eimbox-materio\footer-plain.php on line 100
[29-Sep-2025 23:54:22 Asia/Dhaka] PHP ERROR [2]: Undefined array key "user_email" in D:\XAMPP\htdocs\eimbox-dashboard\eimbox-materio\footer-plain.php on line 100
[29-Sep-2025 23:54:24 Asia/Dhaka] PHP ERROR [2]: Undefined array key "user_email" in D:\XAMPP\htdocs\eimbox-dashboard\eimbox-materio\footer-plain.php on line 100
[29-Sep-2025 23:55:26 Asia/Dhaka] PHP ERROR [2]: Undefined array key "user_email" in D:\XAMPP\htdocs\eimbox-dashboard\eimbox-materio\footer-plain.php on line 100
[29-Sep-2025 23:55:28 Asia/Dhaka] PHP ERROR [2]: Undefined array key "user_email" in D:\XAMPP\htdocs\eimbox-dashboard\eimbox-materio\footer-plain.php on line 100
[29-Sep-2025 23:55:49 Asia/Dhaka] PHP ERROR [2]: Undefined array key "user_email" in D:\XAMPP\htdocs\eimbox-dashboard\eimbox-materio\footer-plain.php on line 100
[29-Sep-2025 23:58:22 Asia/Dhaka] PHP ERROR [2]: Undefined array key "user_email" in D:\XAMPP\htdocs\eimbox-dashboard\eimbox-materio\footer-plain.php on line 100
[30-Sep-2025 00:01:37 Asia/Dhaka] PHP ERROR [2]: Undefined array key "user_email" in D:\XAMPP\htdocs\eimbox-dashboard\eimbox-materio\footer-plain.php on line 100
[30-Sep-2025 00:01:52 Asia/Dhaka] PHP ERROR [2]: Undefined array key "user_email" in D:\XAMPP\htdocs\eimbox-dashboard\eimbox-materio\footer-plain.php on line 100
[30-Sep-2025 00:02:11 Asia/Dhaka] PHP ERROR [2]: Undefined array key "user_email" in D:\XAMPP\htdocs\eimbox-dashboard\eimbox-materio\footer-plain.php on line 100
[30-Sep-2025 00:02:44 Asia/Dhaka] PHP ERROR [2]: Undefined array key "user_email" in D:\XAMPP\htdocs\eimbox-dashboard\eimbox-materio\footer-plain.php on line 100
[30-Sep-2025 00:02:50 Asia/Dhaka] PHP ERROR [2]: Undefined array key "user_email" in D:\XAMPP\htdocs\eimbox-dashboard\eimbox-materio\footer-plain.php on line 100
[30-Sep-2025 00:03:18 Asia/Dhaka] PHP ERROR [2]: Undefined array key "user_email" in D:\XAMPP\htdocs\eimbox-dashboard\eimbox-materio\footer-plain.php on line 100
[30-Sep-2025 00:03:32 Asia/Dhaka] PHP ERROR [2]: Undefined array key "user_email" in D:\XAMPP\htdocs\eimbox-dashboard\eimbox-materio\footer-plain.php on line 100
[30-Sep-2025 00:04:09 Asia/Dhaka] PHP ERROR [2]: Undefined array key "user_email" in D:\XAMPP\htdocs\eimbox-dashboard\eimbox-materio\footer-plain.php on line 100
[30-Sep-2025 00:04:16 Asia/Dhaka] PHP ERROR [2]: Undefined array key "user_email" in D:\XAMPP\htdocs\eimbox-dashboard\eimbox-materio\footer-plain.php on line 100
[30-Sep-2025 00:04:35 Asia/Dhaka] PHP ERROR [2]: Undefined array key "user_email" in D:\XAMPP\htdocs\eimbox-dashboard\eimbox-materio\footer-plain.php on line 100
[30-Sep-2025 00:04:53 Asia/Dhaka] PHP ERROR [2]: Undefined array key "user_email" in D:\XAMPP\htdocs\eimbox-dashboard\eimbox-materio\footer-plain.php on line 100
[30-Sep-2025 00:05:10 Asia/Dhaka] PHP ERROR [2]: Undefined array key "user_email" in D:\XAMPP\htdocs\eimbox-dashboard\eimbox-materio\footer-plain.php on line 100
[30-Sep-2025 00:05:40 Asia/Dhaka] PHP ERROR [2]: Undefined array key "user_email" in D:\XAMPP\htdocs\eimbox-dashboard\eimbox-materio\footer-plain.php on line 100
[30-Sep-2025 00:06:02 Asia/Dhaka] PHP ERROR [2]: Undefined array key "user_email" in D:\XAMPP\htdocs\eimbox-dashboard\eimbox-materio\footer-plain.php on line 100
[30-Sep-2025 00:06:12 Asia/Dhaka] PHP ERROR [2]: Undefined array key "user_email" in D:\XAMPP\htdocs\eimbox-dashboard\eimbox-materio\footer-plain.php on line 100
[30-Sep-2025 00:11:25 Asia/Dhaka] Uncaught Exception: Undefined constant "APP_PATH" in D:\XAMPP\htdocs\eimbox-dashboard\eimbox-materio\forgot_password_process.php on line 36
[30-Sep-2025 00:11:51 Asia/Dhaka] PHP ERROR [2]: Undefined array key "user_email" in D:\XAMPP\htdocs\eimbox-dashboard\eimbox-materio\footer-plain.php on line 100
[30-Sep-2025 00:12:01 Asia/Dhaka] PHP ERROR [2]: Undefined array key "user_email" in D:\XAMPP\htdocs\eimbox-dashboard\eimbox-materio\footer-plain.php on line 100
[30-Sep-2025 00:12:27 Asia/Dhaka] PHP ERROR [2]: Undefined array key "user_email" in D:\XAMPP\htdocs\eimbox-dashboard\eimbox-materio\footer-plain.php on line 100
[30-Sep-2025 00:12:32 Asia/Dhaka] PHP ERROR [2]: Undefined array key "user_email" in D:\XAMPP\htdocs\eimbox-dashboard\eimbox-materio\footer-plain.php on line 100
[30-Sep-2025 00:12:45 Asia/Dhaka] PHP ERROR [2]: Undefined array key "user_email" in D:\XAMPP\htdocs\eimbox-dashboard\eimbox-materio\footer-plain.php on line 100
[30-Sep-2025 00:18:41 Asia/Dhaka] PHP ERROR [2]: Undefined array key "user_email" in D:\XAMPP\htdocs\eimbox-dashboard\eimbox-materio\footer-plain.php on line 100
[30-Sep-2025 00:19:28 Asia/Dhaka] PHP ERROR [2]: Undefined array key "user_email" in D:\XAMPP\htdocs\eimbox-dashboard\eimbox-materio\footer-plain.php on line 100
[30-Sep-2025 00:33:58 Asia/Dhaka] PHP ERROR [2]: Undefined array key "user_email" in D:\XAMPP\htdocs\eimbox-dashboard\eimbox-materio\footer-plain.php on line 100
[30-Sep-2025 00:43:34 Asia/Dhaka] PHP ERROR [2]: Undefined array key "user_email" in D:\XAMPP\htdocs\eimbox-dashboard\eimbox-materio\footer-plain.php on line 100
[30-Sep-2025 01:45:30 Asia/Dhaka] PHP ERROR [2]: Undefined array key "user_email" in D:\XAMPP\htdocs\eimbox-dashboard\eimbox-materio\footer-plain.php on line 100
[30-Sep-2025 01:45:33 Asia/Dhaka] PHP ERROR [2]: Undefined array key "user_email" in D:\XAMPP\htdocs\eimbox-dashboard\eimbox-materio\footer-plain.php on line 100
[30-Sep-2025 01:45:46 Asia/Dhaka] PHP ERROR [2]: Undefined array key "user_email" in D:\XAMPP\htdocs\eimbox-dashboard\eimbox-materio\footer-plain.php on line 100
[30-Sep-2025 01:45:56 Asia/Dhaka] PHP ERROR [2]: include(core/send-mail.php): Failed to open stream: No such file or directory in D:\XAMPP\htdocs\eimbox-dashboard\eimbox-materio\forgot_password_process.php on line 53
[30-Sep-2025 01:45:56 Asia/Dhaka] PHP ERROR [2]: include(): Failed opening 'core/send-mail.php' for inclusion (include_path='D:\XAMPP\php\PEAR') in D:\XAMPP\htdocs\eimbox-dashboard\eimbox-materio\forgot_password_process.php on line 53
[30-Sep-2025 01:45:56 Asia/Dhaka] PHP ERROR [2]: Undefined array key "user_email" in D:\XAMPP\htdocs\eimbox-dashboard\eimbox-materio\footer-plain.php on line 100
[30-Sep-2025 01:47:12 Asia/Dhaka] PHP ERROR [2]: Undefined array key "user_email" in D:\XAMPP\htdocs\eimbox-dashboard\eimbox-materio\footer-plain.php on line 100
[30-Sep-2025 01:47:18 Asia/Dhaka] PHP ERROR [2]: file_get_contents(mail-templete-forgot-password.php): Failed to open stream: No such file or directory in D:\XAMPP\htdocs\eimbox-dashboard\eimbox-materio\mailer\send-mail.php on line 11
[30-Sep-2025 01:47:29 Asia/Dhaka] PHP ERROR [2]: Undefined array key "user_email" in D:\XAMPP\htdocs\eimbox-dashboard\eimbox-materio\footer-plain.php on line 100
[30-Sep-2025 01:49:32 Asia/Dhaka] PHP ERROR [2]: Undefined array key "user_email" in D:\XAMPP\htdocs\eimbox-dashboard\eimbox-materio\footer-plain.php on line 100
[30-Sep-2025 01:50:37 Asia/Dhaka] PHP ERROR [2]: Undefined array key "user_email" in D:\XAMPP\htdocs\eimbox-dashboard\eimbox-materio\footer-plain.php on line 100
[30-Sep-2025 01:50:42 Asia/Dhaka] PHP ERROR [2]: file_get_contents(mail-templete-forgot-password.php): Failed to open stream: No such file or directory in D:\XAMPP\htdocs\eimbox-dashboard\eimbox-materio\mailer\send-mail.php on line 11
[30-Sep-2025 01:50:42 Asia/Dhaka] PHP ERROR [2]: Undefined array key "user_email" in D:\XAMPP\htdocs\eimbox-dashboard\eimbox-materio\footer-plain.php on line 100
[30-Sep-2025 01:54:57 Asia/Dhaka] PHP ERROR [2]: Undefined array key "user_email" in D:\XAMPP\htdocs\eimbox-dashboard\eimbox-materio\footer-plain.php on line 100
[30-Sep-2025 01:55:57 Asia/Dhaka] PHP ERROR [2]: Undefined array key "user_email" in D:\XAMPP\htdocs\eimbox-dashboard\eimbox-materio\footer-plain.php on line 100
[30-Sep-2025 01:56:04 Asia/Dhaka] PHP ERROR [2]: file_get_contents(mail-templete-forgot-password.php): Failed to open stream: No such file or directory in D:\XAMPP\htdocs\eimbox-dashboard\eimbox-materio\mailer\send-mail.php on line 11
[30-Sep-2025 01:56:04 Asia/Dhaka] PHP ERROR [2]: Undefined array key "user_email" in D:\XAMPP\htdocs\eimbox-dashboard\eimbox-materio\footer-plain.php on line 100
[30-Sep-2025 01:57:23 Asia/Dhaka] PHP ERROR [2]: Undefined array key "user_email" in D:\XAMPP\htdocs\eimbox-dashboard\eimbox-materio\footer-plain.php on line 100
[30-Sep-2025 01:57:27 Asia/Dhaka] PHP ERROR [2]: file_get_contents(mail-templete-forgot-password.php): Failed to open stream: No such file or directory in D:\XAMPP\htdocs\eimbox-dashboard\eimbox-materio\mailer\send-mail.php on line 11
[30-Sep-2025 01:57:27 Asia/Dhaka] PHP ERROR [2]: Undefined array key "user_email" in D:\XAMPP\htdocs\eimbox-dashboard\eimbox-materio\footer-plain.php on line 100
[30-Sep-2025 02:00:19 Asia/Dhaka] PHP ERROR [2]: Undefined array key "user_email" in D:\XAMPP\htdocs\eimbox-dashboard\eimbox-materio\footer-plain.php on line 100
[30-Sep-2025 02:00:22 Asia/Dhaka] PHP ERROR [2]: file_get_contents(mail-templete-forgot-password.php): Failed to open stream: No such file or directory in D:\XAMPP\htdocs\eimbox-dashboard\eimbox-materio\mailer\send-mail.php on line 11
[30-Sep-2025 02:00:22 Asia/Dhaka] PHP ERROR [2]: Undefined array key "user_email" in D:\XAMPP\htdocs\eimbox-dashboard\eimbox-materio\footer-plain.php on line 100
[30-Sep-2025 02:17:24 Asia/Dhaka] PHP ERROR [2]: Undefined array key "user_email" in D:\XAMPP\htdocs\eimbox-dashboard\eimbox-materio\footer-plain.php on line 100
[30-Sep-2025 02:17:28 Asia/Dhaka] PHP ERROR [2]: file_get_contents(mail-templete-forgot-password.php): Failed to open stream: No such file or directory in D:\XAMPP\htdocs\eimbox-dashboard\eimbox-materio\mailer\send-mail.php on line 11
[30-Sep-2025 02:17:28 Asia/Dhaka] PHP ERROR [2]: require(../vendor/autoload.php): Failed to open stream: No such file or directory in D:\XAMPP\htdocs\eimbox-dashboard\eimbox-materio\mailer\send-mail.php on line 35
[30-Sep-2025 02:17:28 Asia/Dhaka] Uncaught Exception: Failed opening required '../vendor/autoload.php' (include_path='D:\XAMPP\php\PEAR') in D:\XAMPP\htdocs\eimbox-dashboard\eimbox-materio\mailer\send-mail.php on line 35
[30-Sep-2025 02:20:25 Asia/Dhaka] PHP ERROR [2]: require(../vendor/autoload.php): Failed to open stream: No such file or directory in D:\XAMPP\htdocs\eimbox-dashboard\eimbox-materio\mailer\send-mail.php on line 6
[30-Sep-2025 02:20:25 Asia/Dhaka] Uncaught Exception: Failed opening required '../vendor/autoload.php' (include_path='D:\XAMPP\php\PEAR') in D:\XAMPP\htdocs\eimbox-dashboard\eimbox-materio\mailer\send-mail.php on line 6
[30-Sep-2025 02:20:59 Asia/Dhaka] PHP ERROR [2]: include_once(../core/core-val.php): Failed to open stream: No such file or directory in D:\XAMPP\htdocs\eimbox-dashboard\eimbox-materio\mailer\send-mail.php on line 7
[30-Sep-2025 02:20:59 Asia/Dhaka] PHP ERROR [2]: include_once(): Failed opening '../core/core-val.php' for inclusion (include_path='D:\XAMPP\php\PEAR') in D:\XAMPP\htdocs\eimbox-dashboard\eimbox-materio\mailer\send-mail.php on line 7
[30-Sep-2025 02:20:59 Asia/Dhaka] PHP ERROR [2]: file_get_contents(mail-templete-forgot-password.php): Failed to open stream: No such file or directory in D:\XAMPP\htdocs\eimbox-dashboard\eimbox-materio\mailer\send-mail.php on line 18
[30-Sep-2025 02:20:59 Asia/Dhaka] PHP ERROR [2]: Undefined array key "user_email" in D:\XAMPP\htdocs\eimbox-dashboard\eimbox-materio\footer-plain.php on line 100
[30-Sep-2025 02:22:50 Asia/Dhaka] PHP ERROR [2]: Undefined array key "user_email" in D:\XAMPP\htdocs\eimbox-dashboard\eimbox-materio\footer-plain.php on line 100
[30-Sep-2025 02:22:52 Asia/Dhaka] PHP ERROR [2]: file_get_contents(mail-templete-forgot-password.php): Failed to open stream: No such file or directory in D:\XAMPP\htdocs\eimbox-dashboard\eimbox-materio\mailer\send-mail.php on line 18
[30-Sep-2025 02:22:52 Asia/Dhaka] PHP ERROR [2]: Undefined array key "user_email" in D:\XAMPP\htdocs\eimbox-dashboard\eimbox-materio\footer-plain.php on line 100
[30-Sep-2025 02:23:39 Asia/Dhaka] PHP ERROR [2]: Undefined array key "user_email" in D:\XAMPP\htdocs\eimbox-dashboard\eimbox-materio\footer-plain.php on line 100
[30-Sep-2025 02:23:51 Asia/Dhaka] PHP ERROR [2]: Undefined array key "user_email" in D:\XAMPP\htdocs\eimbox-dashboard\eimbox-materio\footer-plain.php on line 100
[30-Sep-2025 02:23:53 Asia/Dhaka] PHP ERROR [2]: file_get_contents(mail-templete-forgot-password.php): Failed to open stream: No such file or directory in D:\XAMPP\htdocs\eimbox-dashboard\eimbox-materio\mailer\send-mail.php on line 18
[30-Sep-2025 02:23:53 Asia/Dhaka] PHP ERROR [2]: Undefined array key "user_email" in D:\XAMPP\htdocs\eimbox-dashboard\eimbox-materio\footer-plain.php on line 100
[30-Sep-2025 02:28:21 Asia/Dhaka] PHP ERROR [2]: file_get_contents(mail-templete-forgot-password.php): Failed to open stream: No such file or directory in D:\XAMPP\htdocs\eimbox-dashboard\eimbox-materio\mailer\send-mail.php on line 20
[30-Sep-2025 02:30:14 Asia/Dhaka] PHP ERROR [2]: Undefined array key "user_email" in D:\XAMPP\htdocs\eimbox-dashboard\eimbox-materio\footer-plain.php on line 100
[30-Sep-2025 02:31:22 Asia/Dhaka] PHP ERROR [2]: Undefined array key "user_email" in D:\XAMPP\htdocs\eimbox-dashboard\eimbox-materio\footer-plain.php on line 100
[30-Sep-2025 02:42:38 Asia/Dhaka] PHP ERROR [2]: Undefined array key "user_email" in D:\XAMPP\htdocs\eimbox-dashboard\eimbox-materio\footer-plain.php on line 100
[30-Sep-2025 02:43:08 Asia/Dhaka] PHP ERROR [2]: Undefined array key "user_email" in D:\XAMPP\htdocs\eimbox-dashboard\eimbox-materio\footer-plain.php on line 100
[30-Sep-2025 02:43:37 Asia/Dhaka] PHP ERROR [2]: Undefined array key "user_email" in D:\XAMPP\htdocs\eimbox-dashboard\eimbox-materio\footer-plain.php on line 100
[30-Sep-2025 02:43:55 Asia/Dhaka] PHP ERROR [2]: Undefined array key "user_email" in D:\XAMPP\htdocs\eimbox-dashboard\eimbox-materio\footer-plain.php on line 100
[30-Sep-2025 02:55:12 Asia/Dhaka] PHP ERROR [2]: Undefined array key "user_email" in D:\XAMPP\htdocs\eimbox-dashboard\eimbox-materio\footer-plain.php on line 100
[30-Sep-2025 02:55:22 Asia/Dhaka] PHP ERROR [2]: Undefined array key "user_email" in D:\XAMPP\htdocs\eimbox-dashboard\eimbox-materio\footer-plain.php on line 100
[30-Sep-2025 02:55:44 Asia/Dhaka] PHP ERROR [2]: Undefined variable $resetLink in D:\XAMPP\htdocs\eimbox-dashboard\eimbox-materio\mailer\send-mail.php on line 17
[30-Sep-2025 02:55:44 Asia/Dhaka] PHP ERROR [2]: Undefined variable $to_name in D:\XAMPP\htdocs\eimbox-dashboard\eimbox-materio\mailer\send-mail.php on line 35
[30-Sep-2025 02:55:44 Asia/Dhaka] PHP ERROR [8192]: htmlspecialchars(): Passing null to parameter #1 ($string) of type string is deprecated in D:\XAMPP\htdocs\eimbox-dashboard\eimbox-materio\mailer\send-mail.php on line 35
[30-Sep-2025 02:55:49 Asia/Dhaka] PHP ERROR [2]: Undefined array key "user_email" in D:\XAMPP\htdocs\eimbox-dashboard\eimbox-materio\footer-plain.php on line 100
[30-Sep-2025 03:05:54 Asia/Dhaka] PHP ERROR [2]: Undefined variable $selected in D:\XAMPP\htdocs\eimbox-dashboard\eimbox-materio\module-structure.php on line 132
[30-Sep-2025 03:16:01 Asia/Dhaka] PHP ERROR [2]: Undefined array key "user_email" in D:\XAMPP\htdocs\eimbox-dashboard\eimbox-materio\footer-plain.php on line 100
[30-Sep-2025 03:16:46 Asia/Dhaka] PHP ERROR [2]: Undefined array key "user_email" in D:\XAMPP\htdocs\eimbox-dashboard\eimbox-materio\footer-plain.php on line 100
[30-Sep-2025 03:19:01 Asia/Dhaka] PHP ERROR [2]: Undefined array key "user_email" in D:\XAMPP\htdocs\eimbox-dashboard\eimbox-materio\footer-plain.php on line 100
[30-Sep-2025 03:19:09 Asia/Dhaka] PHP ERROR [2]: Undefined variable $resetLink in D:\XAMPP\htdocs\eimbox-dashboard\eimbox-materio\mailer\send-mail.php on line 17
[30-Sep-2025 03:19:09 Asia/Dhaka] PHP ERROR [2]: Undefined variable $to_name in D:\XAMPP\htdocs\eimbox-dashboard\eimbox-materio\mailer\send-mail.php on line 35
[30-Sep-2025 03:19:09 Asia/Dhaka] PHP ERROR [8192]: htmlspecialchars(): Passing null to parameter #1 ($string) of type string is deprecated in D:\XAMPP\htdocs\eimbox-dashboard\eimbox-materio\mailer\send-mail.php on line 35
[30-Sep-2025 03:19:13 Asia/Dhaka] PHP ERROR [2]: Undefined array key "user_email" in D:\XAMPP\htdocs\eimbox-dashboard\eimbox-materio\footer-plain.php on line 100
[30-Sep-2025 03:20:18 Asia/Dhaka] PHP ERROR [2]: Undefined variable $selected in D:\XAMPP\htdocs\eimbox-dashboard\eimbox-materio\module-structure.php on line 132
[30-Sep-2025 03:20:37 Asia/Dhaka] PHP ERROR [2]: Undefined variable $selected in D:\XAMPP\htdocs\eimbox-dashboard\eimbox-materio\module-structure.php on line 132
[30-Sep-2025 03:22:00 Asia/Dhaka] PHP ERROR [2]: Undefined array key "user_email" in D:\XAMPP\htdocs\eimbox-dashboard\eimbox-materio\footer-plain.php on line 100
[30-Sep-2025 13:35:08 Asia/Dhaka] PHP ERROR [2]: Undefined array key "user_email" in D:\XAMPP\htdocs\eimbox-dashboard\eimbox-materio\footer-plain.php on line 100
[30-Sep-2025 14:12:09 Asia/Dhaka] PHP ERROR [2]: Undefined array key "user_email" in D:\XAMPP\htdocs\eimbox-dashboard\eimbox-materio\footer-plain.php on line 100
[30-Sep-2025 14:12:19 Asia/Dhaka] PHP ERROR [8192]: password_verify(): Passing null to parameter #2 ($hash) of type string is deprecated in D:\XAMPP\htdocs\eimbox-dashboard\eimbox-materio\login.php on line 37
[30-Sep-2025 14:12:19 Asia/Dhaka] Uncaught Exception: Cannot add or update a child row: a foreign key constraint fails (`secure_auth`.`auth_logs`, CONSTRAINT `auth_logs_ibfk_1` FOREIGN KEY (`user_id`) REFERENCES `usersapp_new` (`id`) ON DELETE SET NULL) in D:\XAMPP\htdocs\eimbox-dashboard\eimbox-materio\core\functions.php on line 40
[30-Sep-2025 14:14:31 Asia/Dhaka] PHP ERROR [2]: Undefined array key "user_email" in D:\XAMPP\htdocs\eimbox-dashboard\eimbox-materio\footer-plain.php on line 100
[30-Sep-2025 14:18:01 Asia/Dhaka] PHP ERROR [8192]: password_verify(): Passing null to parameter #2 ($hash) of type string is deprecated in D:\XAMPP\htdocs\eimbox-dashboard\eimbox-materio\login.php on line 37
[30-Sep-2025 14:18:01 Asia/Dhaka] Uncaught Exception: Cannot add or update a child row: a foreign key constraint fails (`secure_auth`.`auth_logs`, CONSTRAINT `auth_logs_ibfk_1` FOREIGN KEY (`user_id`) REFERENCES `usersapp_new` (`id`) ON DELETE SET NULL) in D:\XAMPP\htdocs\eimbox-dashboard\eimbox-materio\core\functions.php on line 40
[30-Sep-2025 14:18:05 Asia/Dhaka] PHP ERROR [2]: Undefined array key "user_email" in D:\XAMPP\htdocs\eimbox-dashboard\eimbox-materio\footer-plain.php on line 100
[30-Sep-2025 14:18:07 Asia/Dhaka] PHP ERROR [2]: Undefined array key "user_email" in D:\XAMPP\htdocs\eimbox-dashboard\eimbox-materio\footer-plain.php on line 100
[30-Sep-2025 14:18:08 Asia/Dhaka] PHP ERROR [8192]: password_verify(): Passing null to parameter #2 ($hash) of type string is deprecated in D:\XAMPP\htdocs\eimbox-dashboard\eimbox-materio\login.php on line 37
[30-Sep-2025 14:18:08 Asia/Dhaka] Uncaught Exception: Cannot add or update a child row: a foreign key constraint fails (`secure_auth`.`auth_logs`, CONSTRAINT `auth_logs_ibfk_1` FOREIGN KEY (`user_id`) REFERENCES `usersapp_new` (`id`) ON DELETE SET NULL) in D:\XAMPP\htdocs\eimbox-dashboard\eimbox-materio\core\functions.php on line 40
[30-Sep-2025 14:21:39 Asia/Dhaka] Uncaught Exception: Cannot add or update a child row: a foreign key constraint fails (`secure_auth`.`auth_logs`, CONSTRAINT `auth_logs_ibfk_1` FOREIGN KEY (`user_id`) REFERENCES `usersapp_new` (`id`) ON DELETE SET NULL) in D:\XAMPP\htdocs\eimbox-dashboard\eimbox-materio\core\functions.php on line 40
[30-Sep-2025 14:37:38 Asia/Dhaka] Uncaught Exception: Cannot add or update a child row: a foreign key constraint fails (`secure_auth`.`auth_logs`, CONSTRAINT `auth_logs_ibfk_1` FOREIGN KEY (`user_id`) REFERENCES `usersapp_new` (`id`) ON DELETE SET NULL) in D:\XAMPP\htdocs\eimbox-dashboard\eimbox-materio\core\functions.php on line 40
[30-Sep-2025 14:39:26 Asia/Dhaka] PHP ERROR [2]: Undefined array key "user_email" in D:\XAMPP\htdocs\eimbox-dashboard\eimbox-materio\footer-plain.php on line 100
[30-Sep-2025 14:39:32 Asia/Dhaka] PHP ERROR [2]: Undefined array key "user_email" in D:\XAMPP\htdocs\eimbox-dashboard\eimbox-materio\footer-plain.php on line 100
[30-Sep-2025 14:40:22 Asia/Dhaka] Uncaught Exception: Cannot add or update a child row: a foreign key constraint fails (`secure_auth`.`auth_logs`, CONSTRAINT `auth_logs_ibfk_1` FOREIGN KEY (`user_id`) REFERENCES `usersapp_new` (`id`) ON DELETE SET NULL) in D:\XAMPP\htdocs\eimbox-dashboard\eimbox-materio\core\functions.php on line 40
[30-Sep-2025 14:40:30 Asia/Dhaka] PHP ERROR [2]: Undefined array key "user_email" in D:\XAMPP\htdocs\eimbox-dashboard\eimbox-materio\footer-plain.php on line 100
[30-Sep-2025 14:40:32 Asia/Dhaka] PHP ERROR [2]: Undefined array key "user_email" in D:\XAMPP\htdocs\eimbox-dashboard\eimbox-materio\footer-plain.php on line 100
[30-Sep-2025 14:40:35 Asia/Dhaka] PHP ERROR [2]: Undefined array key "user_email" in D:\XAMPP\htdocs\eimbox-dashboard\eimbox-materio\footer-plain.php on line 100
[30-Sep-2025 14:42:13 Asia/Dhaka] PHP ERROR [2]: Undefined array key "user_email" in D:\XAMPP\htdocs\eimbox-dashboard\eimbox-materio\footer-plain.php on line 100
[30-Sep-2025 14:42:17 Asia/Dhaka] PHP ERROR [2]: Undefined array key "user_email" in D:\XAMPP\htdocs\eimbox-dashboard\eimbox-materio\footer-plain.php on line 100
[30-Sep-2025 14:42:19 Asia/Dhaka] Uncaught Exception: Cannot add or update a child row: a foreign key constraint fails (`secure_auth`.`auth_logs`, CONSTRAINT `auth_logs_ibfk_1` FOREIGN KEY (`user_id`) REFERENCES `usersapp_new` (`id`) ON DELETE SET NULL) in D:\XAMPP\htdocs\eimbox-dashboard\eimbox-materio\core\functions.php on line 40
[30-Sep-2025 14:48:05 Asia/Dhaka] Uncaught Exception: Cannot add or update a child row: a foreign key constraint fails (`secure_auth`.`auth_logs`, CONSTRAINT `auth_logs_ibfk_1` FOREIGN KEY (`user_id`) REFERENCES `usersapp_new` (`id`) ON DELETE SET NULL) in D:\XAMPP\htdocs\eimbox-dashboard\eimbox-materio\core\functions.php on line 40
[30-Sep-2025 14:49:26 Asia/Dhaka] PHP ERROR [2]: Undefined array key "user_email" in D:\XAMPP\htdocs\eimbox-dashboard\eimbox-materio\footer-plain.php on line 100
[30-Sep-2025 14:50:06 Asia/Dhaka] PHP ERROR [2]: Undefined array key "user_email" in D:\XAMPP\htdocs\eimbox-dashboard\eimbox-materio\footer-plain.php on line 100
[30-Sep-2025 14:50:10 Asia/Dhaka] PHP ERROR [2]: Undefined array key "user_email" in D:\XAMPP\htdocs\eimbox-dashboard\eimbox-materio\footer-plain.php on line 100
[30-Sep-2025 14:50:12 Asia/Dhaka] PHP ERROR [2]: Undefined array key "user_email" in D:\XAMPP\htdocs\eimbox-dashboard\eimbox-materio\footer-plain.php on line 100
[30-Sep-2025 14:50:33 Asia/Dhaka] PHP ERROR [2]: Undefined array key "user_email" in D:\XAMPP\htdocs\eimbox-dashboard\eimbox-materio\footer-plain.php on line 100
[30-Sep-2025 14:50:36 Asia/Dhaka] PHP ERROR [2]: Undefined array key "user_email" in D:\XAMPP\htdocs\eimbox-dashboard\eimbox-materio\footer-plain.php on line 100
[30-Sep-2025 14:50:37 Asia/Dhaka] PHP ERROR [2]: Undefined array key "user_email" in D:\XAMPP\htdocs\eimbox-dashboard\eimbox-materio\footer-plain.php on line 100
[30-Sep-2025 14:51:41 Asia/Dhaka] PHP ERROR [2]: Undefined array key "user_email" in D:\XAMPP\htdocs\eimbox-dashboard\eimbox-materio\footer-plain.php on line 100
[30-Sep-2025 14:52:24 Asia/Dhaka] PHP ERROR [2]: Undefined array key "user_email" in D:\XAMPP\htdocs\eimbox-dashboard\eimbox-materio\footer-plain.php on line 100
[30-Sep-2025 14:52:28 Asia/Dhaka] PHP ERROR [2]: Undefined array key "user_email" in D:\XAMPP\htdocs\eimbox-dashboard\eimbox-materio\footer-plain.php on line 100
[30-Sep-2025 14:52:31 Asia/Dhaka] PHP ERROR [2]: Undefined array key "user_email" in D:\XAMPP\htdocs\eimbox-dashboard\eimbox-materio\footer-plain.php on line 100
[30-Sep-2025 14:52:34 Asia/Dhaka] PHP ERROR [2]: Undefined array key "user_email" in D:\XAMPP\htdocs\eimbox-dashboard\eimbox-materio\footer-plain.php on line 100
[30-Sep-2025 14:52:36 Asia/Dhaka] PHP ERROR [2]: Undefined array key "user_email" in D:\XAMPP\htdocs\eimbox-dashboard\eimbox-materio\footer-plain.php on line 100
[30-Sep-2025 14:52:38 Asia/Dhaka] PHP ERROR [2]: Undefined array key "user_email" in D:\XAMPP\htdocs\eimbox-dashboard\eimbox-materio\footer-plain.php on line 100
[30-Sep-2025 14:53:06 Asia/Dhaka] PHP ERROR [2]: Undefined array key "user_email" in D:\XAMPP\htdocs\eimbox-dashboard\eimbox-materio\footer-plain.php on line 100
[30-Sep-2025 14:53:08 Asia/Dhaka] PHP ERROR [2]: Undefined array key "user_email" in D:\XAMPP\htdocs\eimbox-dashboard\eimbox-materio\footer-plain.php on line 100
[30-Sep-2025 14:53:21 Asia/Dhaka] PHP ERROR [2]: Undefined array key "user_email" in D:\XAMPP\htdocs\eimbox-dashboard\eimbox-materio\footer-plain.php on line 100
[30-Sep-2025 14:53:36 Asia/Dhaka] PHP ERROR [2]: Undefined array key "user_email" in D:\XAMPP\htdocs\eimbox-dashboard\eimbox-materio\footer-plain.php on line 100
[30-Sep-2025 14:53:42 Asia/Dhaka] PHP ERROR [2]: Undefined array key "user_email" in D:\XAMPP\htdocs\eimbox-dashboard\eimbox-materio\footer-plain.php on line 100
[30-Sep-2025 14:54:10 Asia/Dhaka] PHP ERROR [2]: Undefined array key "user_email" in D:\XAMPP\htdocs\eimbox-dashboard\eimbox-materio\footer-plain.php on line 100
[30-Sep-2025 14:55:02 Asia/Dhaka] PHP ERROR [2]: Undefined array key "user_email" in D:\XAMPP\htdocs\eimbox-dashboard\eimbox-materio\footer-plain.php on line 100
[30-Sep-2025 14:58:13 Asia/Dhaka] PHP ERROR [2]: Undefined array key "user_email" in D:\XAMPP\htdocs\eimbox-dashboard\eimbox-materio\footer-plain.php on line 100
[30-Sep-2025 14:58:28 Asia/Dhaka] PHP ERROR [2]: Undefined array key "user_email" in D:\XAMPP\htdocs\eimbox-dashboard\eimbox-materio\footer-plain.php on line 100
[30-Sep-2025 14:59:49 Asia/Dhaka] PHP ERROR [2]: Undefined variable $selected in D:\XAMPP\htdocs\eimbox-dashboard\eimbox-materio\module-structure.php on line 132
[30-Sep-2025 15:04:28 Asia/Dhaka] Uncaught Exception: The number of elements in the type definition string must match the number of bind variables in D:\XAMPP\htdocs\eimbox-dashboard\eimbox-materio\registration.php on line 30
[30-Sep-2025 17:15:04 Asia/Dhaka] PHP ERROR [2]: Undefined array key "user_email" in D:\XAMPP\htdocs\eimbox-dashboard\eimbox-materio\footer-plain.php on line 100
[30-Sep-2025 17:18:14 Asia/Dhaka] PHP ERROR [2]: Undefined array key "user_email" in D:\XAMPP\htdocs\eimbox-dashboard\eimbox-materio\footer-plain.php on line 100
[30-Sep-2025 17:18:30 Asia/Dhaka] PHP ERROR [2]: Undefined array key "user_email" in D:\XAMPP\htdocs\eimbox-dashboard\eimbox-materio\footer-plain.php on line 100
